2024-01-15 09:00:00 INFO [main] Starting application server v2.1.0
2024-01-15 09:00:05 INFO [db] Database connection established
2024-01-15 09:00:10 WARNING [cache] Redis connection pool at 80%
2024-01-15 09:00:15 INFO [api] API server started on port 8080
2024-01-15 09:00:20 ERROR [auth] Failed to load OAuth certificates
2024-01-15 09:00:25 INFO [monitor] Health check passed
2024-01-15 09:00:30 WARNING [memory] Heap usage at 85%
2024-01-15 09:00:35 INFO [queue] Message queue initialized
2024-01-15 09:00:40 CRITICAL [disk] /var/log partition at 99%
2024-01-15 09:00:45 ERROR [network] DNS resolution failed
2024-01-15 09:00:50 INFO [backup] Nightly backup started
2024-01-15 09:00:55 WARNING [cpu] CPU temperature at 75°C
2024-01-15 09:01:00 INFO [load] Average load: 1.2
2024-01-15 09:01:05 ERROR [email] SMTP server unreachable
2024-01-15 09:01:10 CRITICAL [db] Database connection pool exhausted
2024-01-15 09:01:15 WARNING [security] Multiple failed login attempts
2024-01-15 09:01:20 INFO [cache] Cache warming completed
2024-01-15 09:01:25 ERROR [api] Request timeout after 30s
2024-01-15 09:01:30 INFO [sync] Data synchronization started
2024-01-15 09:01:35 WARNING [disk] High IO wait detected
2024-01-15 09:01:40 CRITICAL [memory] OutOfMemoryError detected
2024-01-15 09:01:45 ERROR [auth] JWT token validation failed
2024-01-15 09:01:50 INFO [monitor] Performance metrics collected
2024-01-15 09:01:55 WARNING [network] High packet loss detected
2024-01-15 09:02:00 INFO [queue] Processing 1500 messages
2024-01-15 09:02:05 ERROR [backup] Backup failed: insufficient space
2024-01-15 09:02:10 CRITICAL [disk] Filesystem corruption detected
2024-01-15 09:02:15 WARNING [cpu] CPU throttling activated
2024-01-15 09:02:20 INFO [load] Load balanced across 3 nodes
2024-01-15 09:02:25 ERROR [email] Email queue stuck
2024-01-15 09:02:30 INFO [db] Query optimization completed
2024-01-15 09:02:35 WARNING [security] SSL certificate expiring in 7 days
2024-01-15 09:02:40 CRITICAL [api] Service unavailable - all instances down
2024-01-15 09:02:45 ERROR [cache] Cache cluster node failure
2024-01-15 09:02:50 INFO [sync] Sync completed with 3 conflicts
2024-01-15 09:02:55 WARNING [monitor] Metric collection lagging
2024-01-15 09:03:00 INFO [queue] Dead letter queue has 45 messages
2024-01-15 09:03:05 ERROR [network] Network interface down
2024-01-15 09:03:10 CRITICAL [memory] Memory leak detected
2024-01-15 09:03:15 WARNING [disk] RAID array degraded
2024-01-15 09:03:20 INFO [backup] Backup verification started
2024-01-15 09:03:25 ERROR [auth] Password hash failure
2024-01-15 09:03:30 INFO [load] Auto-scaling triggered
2024-01-15 09:03:35 WARNING [cpu] CPU fan speed abnormal
2024-01-15 09:03:40 CRITICAL [db] Data corruption in users table
2024-01-15 09:03:45 ERROR [email] Bounce rate exceeds threshold
2024-01-15 09:03:50 INFO [cache] Cache size increased to 2GB
2024-01-15 09:03:55 WARNING [security] Unauthorized API access attempt
2024-01-15 09:04:00 INFO [api] Rate limiting enabled
2024-01-15 09:04:05 ERROR [sync] Data inconsistency detected
2024-01-15 09:04:10 CRITICAL [monitor] Monitoring service crashed
2024-01-15 09:04:15 WARNING [queue] Consumer lag at 500 messages
2024-01-15 09:04:20 INFO [network] Network traffic normal
2024-01-15 09:04:25 ERROR [memory] Garbage collector stuck
2024-01-15 09:04:30 INFO [disk] Disk cleanup completed
2024-01-15 09:04:35 WARNING [backup] Backup size increased by 200%
2024-01-15 09:04:40 CRITICAL [auth] Security breach detected
2024-01-15 09:04:45 ERROR [load] Load balancer health check failing
2024-01-15 09:04:50 INFO [cpu] CPU frequency normalized
2024-01-15 09:04:55 WARNING [db] Long running transaction detected
2024-01-15 09:05:00 INFO [email] Email deliverability improved
2024-01-15 09:05:05 ERROR [cache] Cache invalidation failed
2024-01-15 09:05:10 CRITICAL [security] Firewall rules corrupted
2024-01-15 09:05:15 WARNING [api] API response time increased
2024-01-15 09:05:20 INFO [sync] Real-time sync activated
2024-01-15 09:05:25 ERROR [monitor] Metric storage full
2024-01-15 09:05:30 INFO [queue] Queue processing resumed
2024-01-15 09:05:35 WARNING [network] Bandwidth usage at 95%
2024-01-15 09:05:40 CRITICAL [memory] Swap usage at 90%
2024-01-15 09:05:45 ERROR [disk] Bad sectors detected
2024-01-15 09:05:50 INFO [backup] Backup encryption enabled
2024-01-15 09:05:55 WARNING [auth] Multi-factor authentication disabled
2024-01-15 09:06:00 INFO [load] New server instance added
2024-01-15 09:06:05 ERROR [cpu] Overheating shutdown initiated
2024-01-15 09:06:10 CRITICAL [db] Database crash recovery started
2024-01-15 09:06:15 WARNING [email] Spam filter malfunction
2024-01-15 09:06:20 INFO [cache] Distributed cache enabled
2024-01-15 09:06:25 ERROR [security] Intrusion detection disabled
2024-01-15 09:06:30 INFO [api] API version deprecated
2024-01-15 09:06:35 WARNING [sync] Sync latency high
2024-01-15 09:06:40 CRITICAL [monitor] Alert system silent
2024-01-15 09:06:45 ERROR [queue] Message loss detected
2024-01-15 09:06:50 INFO [network] VPN tunnel established
2024-01-15 09:06:55 WARNING [memory] Memory allocation failed
2024-01-15 09:07:00 INFO [disk] Disk defragmentation started
2024-01-15 09:07:05 ERROR [backup] Backup verification failed
2024-01-15 09:07:10 CRITICAL [auth] Admin account compromised
2024-01-15 09:07:15 WARNING [load] Server under heavy load
2024-01-15 09:07:20 INFO [cpu] Temperature stabilized
2024-01-15 09:07:25 ERROR [db] Replication lag at 5 minutes
2024-01-15 09:07:30 INFO [email] Bulk email campaign started
2024-01-15 09:07:35 WARNING [cache] Cache coherence issue
2024-01-15 09:07:40 CRITICAL [security] Malware detected
2024-01-15 09:07:45 ERROR [api] API gateway timeout
2024-01-15 09:07:50 INFO [sync] Conflict resolution completed
2024-01-15 09:07:55 WARNING [monitor] False positive alerts
2024-01-15 09:08:00 INFO [queue] Priority queue implemented
2024-01-15 09:08:05 ERROR [network] Routing loop detected
2024-01-15 09:08:10 CRITICAL [memory] Kernel panic imminent
2024-01-15 09:08:15 WARNING [disk] SMART failure predicted
2024-01-15 09:08:20 INFO [backup] Cloud backup initiated
2024-01-15 09:08:25 ERROR [auth] Session hijacking detected
2024-01-15 09:08:30 INFO [load] Load testing started
2024-01-15 09:08:35 WARNING [cpu] Voltage regulator failure
2024-01-15 09:08:40 CRITICAL [db] Transaction log full
2024-01-15 09:08:45 ERROR [email] Email server blacklisted
2024-01-15 09:08:50 INFO [cache] Cache partitioning enabled
2024-01-15 09:08:55 WARNING [security] Vulnerability scan found issues
2024-01-15 09:09:00 INFO [api] API documentation updated
2024-01-15 09:09:05 ERROR [sync] Data loss during sync
2024-01-15 09:09:10 CRITICAL [monitor] Heartbeat lost
2024-01-15 09:09:15 WARNING [queue] Poison message detected
2024-01-15 09:09:20 INFO [network] Network upgrade completed
2024-01-15 09:09:25 ERROR [memory] Memory test failed
2024-01-15 09:09:30 INFO [disk] RAID rebuild started
2024-01-15 09:09:35 WARNING [backup] Backup retention policy violated
2024-01-15 09:09:40 CRITICAL [auth] Password database breached
2024-01-15 09:09:45 ERROR [load] Auto-scaling failed
2024-01-15 09:09:50 INFO [cpu] Power saving mode activated
2024-01-15 09:09:55 WARNING [db] Index corruption detected
2024-01-15 09:10:00 INFO [email] Newsletter sent to 10k users
